[2020-02-05 02:10:15,797] multiqc                                            [DEBUG  ]  No MultiQC config found: /home/zamanosandreas/.local/lib/python3.6/site-packages/multiqc_config.yaml
[2020-02-05 02:10:15,798] multiqc                                            [DEBUG  ]  No MultiQC config found: /home/zamanosandreas/.multiqc_config.yaml
[2020-02-05 02:10:15,798] multiqc                                            [DEBUG  ]  No MultiQC config found: multiqc_config.yaml
[2020-02-05 02:10:15,798] multiqc                                            [DEBUG  ]  Command used: /home/zamanosandreas/.local/bin/multiqc /home/zamanosandreas/itbi_project/reads_trimmomatic
[2020-02-05 02:10:16,024] multiqc                                            [DEBUG  ]  Latest MultiQC version is v1.8
[2020-02-05 02:10:16,025] multiqc                                            [INFO   ]  This is MultiQC v1.8
[2020-02-05 02:10:16,025] multiqc                                            [DEBUG  ]  Command     : /home/zamanosandreas/.local/bin/multiqc /home/zamanosandreas/itbi_project/reads_trimmomatic
[2020-02-05 02:10:16,025] multiqc                                            [DEBUG  ]  Working dir : /home/zamanosandreas/itbi_project/reads_trimmomatic
[2020-02-05 02:10:16,025] multiqc                                            [INFO   ]  Template    : default
[2020-02-05 02:10:16,025] multiqc                                            [DEBUG  ]  Running Python 3.6.9 (default, Nov  7 2019, 10:44:02)  [GCC 8.3.0]
[2020-02-05 02:10:16,025] multiqc                                            [INFO   ]  Searching   : /home/zamanosandreas/itbi_project/reads_trimmomatic
[2020-02-05 02:10:16,025] multiqc                                            [DEBUG  ]  Analysing modules: custom_content, conpair, peddy, methylQA, phantompeakqualtools, qualimap, preseq, quast, qorts, rna_seqc, rsem, rseqc, busco, goleft_indexcov, disambiguate, supernova, deeptools, sargasso, verifybamid, mirtrace, happy, homer, macs2, theta2, snpeff, gatk, htseq, bcftools, featureCounts, fgbio, dedup, damageprofiler, biobambam2, mtnucratio, picard, prokka, samblaster, samtools, sexdeterrmine, bamtools, jellyfish, vcftools, longranger, stacks, bbmap, bismark, biscuit, hicexplorer, hicup, hicpro, salmon, kallisto, slamdunk, star, hisat2, tophat, bowtie2, bowtie1, kat, leehom, adapterRemoval, clipandmerge, cutadapt, flexbar, trimmomatic, skewer, sortmerna, biobloomtools, fastq_screen, afterqc, fastp, fastqc, minionqc, mosdepth, clusterflow, bcl2fastq, interop, flash, seqyclean
[2020-02-05 02:10:16,025] multiqc                                            [DEBUG  ]  Using temporary directory for creating report: /tmp/tmpf69b01vr
[2020-02-05 02:10:16,112] multiqc                                            [DEBUG  ]  Ignoring file as matched an ignore pattern: rep3_trimmomatic_fastqc.html
[2020-02-05 02:10:16,113] multiqc                                            [DEBUG  ]  Ignoring file as matched an ignore pattern: rep3_trimmomatic.fastq
[2020-02-05 02:10:16,113] multiqc                                            [DEBUG  ]  Ignoring file as matched an ignore pattern: rep2_trimmomatic.fastq
[2020-02-05 02:10:16,137] multiqc                                            [DEBUG  ]  Ignoring file as matched an ignore pattern: rep2_trimmomatic_fastqc.html
[2020-02-05 02:10:16,142] multiqc                                            [DEBUG  ]  Ignoring file as matched an ignore pattern: rep1_trimmomatic_fastqc.html
[2020-02-05 02:10:16,147] multiqc                                            [DEBUG  ]  Ignoring file as matched an ignore pattern: rep1_trimmomatic.fastq
[2020-02-05 02:10:16,381] multiqc.plots.bargraph                             [DEBUG  ]  Using matplotlib version 3.1.1
[2020-02-05 02:10:16,382] multiqc.plots.linegraph                            [DEBUG  ]  Using matplotlib version 3.1.1
[2020-02-05 02:10:16,383] multiqc                                            [DEBUG  ]  No samples found: custom_content
[2020-02-05 02:10:16,386] multiqc                                            [DEBUG  ]  No samples found: conpair
[2020-02-05 02:10:16,389] multiqc                                            [DEBUG  ]  No samples found: peddy
[2020-02-05 02:10:16,392] multiqc                                            [DEBUG  ]  No samples found: methylQA
[2020-02-05 02:10:16,395] multiqc                                            [DEBUG  ]  No samples found: phantompeakqualtools
[2020-02-05 02:10:16,398] multiqc                                            [DEBUG  ]  No samples found: qualimap
[2020-02-05 02:10:16,401] multiqc                                            [DEBUG  ]  No samples found: preseq
[2020-02-05 02:10:16,404] multiqc                                            [DEBUG  ]  No samples found: quast
[2020-02-05 02:10:16,407] multiqc                                            [DEBUG  ]  No samples found: qorts
[2020-02-05 02:10:16,410] multiqc                                            [DEBUG  ]  No samples found: rna_seqc
[2020-02-05 02:10:16,412] multiqc                                            [DEBUG  ]  No samples found: rsem
[2020-02-05 02:10:16,417] multiqc                                            [DEBUG  ]  No samples found: rseqc
[2020-02-05 02:10:16,420] multiqc                                            [DEBUG  ]  No samples found: busco
[2020-02-05 02:10:16,422] multiqc                                            [DEBUG  ]  No samples found: goleft_indexcov
[2020-02-05 02:10:16,425] multiqc                                            [DEBUG  ]  No samples found: disambiguate
[2020-02-05 02:10:16,428] multiqc                                            [DEBUG  ]  No samples found: supernova
[2020-02-05 02:10:16,432] multiqc                                            [DEBUG  ]  No samples found: deeptools
[2020-02-05 02:10:16,435] multiqc                                            [DEBUG  ]  No samples found: sargasso
[2020-02-05 02:10:16,438] multiqc                                            [DEBUG  ]  No samples found: verifybamid
[2020-02-05 02:10:16,441] multiqc                                            [DEBUG  ]  No samples found: mirtrace
[2020-02-05 02:10:16,444] multiqc                                            [DEBUG  ]  No samples found: happy
[2020-02-05 02:10:16,447] multiqc                                            [DEBUG  ]  No samples found: homer
[2020-02-05 02:10:16,449] multiqc                                            [DEBUG  ]  No samples found: macs2
[2020-02-05 02:10:16,452] multiqc                                            [DEBUG  ]  No samples found: theta2
[2020-02-05 02:10:16,455] multiqc                                            [DEBUG  ]  No samples found: snpeff
[2020-02-05 02:10:16,458] multiqc                                            [DEBUG  ]  No samples found: gatk
[2020-02-05 02:10:16,462] multiqc                                            [DEBUG  ]  No samples found: htseq
[2020-02-05 02:10:16,465] multiqc                                            [DEBUG  ]  No samples found: bcftools
[2020-02-05 02:10:16,467] multiqc                                            [DEBUG  ]  No samples found: featureCounts
[2020-02-05 02:10:16,470] multiqc                                            [DEBUG  ]  No samples found: fgbio
[2020-02-05 02:10:16,473] multiqc                                            [DEBUG  ]  No samples found: dedup
[2020-02-05 02:10:16,476] multiqc                                            [DEBUG  ]  No samples found: damageprofiler
[2020-02-05 02:10:16,482] multiqc                                            [DEBUG  ]  No samples found: biobambam2
[2020-02-05 02:10:16,485] multiqc                                            [DEBUG  ]  No samples found: mtnucratio
[2020-02-05 02:10:16,487] multiqc                                            [DEBUG  ]  No samples found: picard
[2020-02-05 02:10:16,490] multiqc                                            [DEBUG  ]  No samples found: prokka
[2020-02-05 02:10:16,492] multiqc                                            [DEBUG  ]  No samples found: samblaster
[2020-02-05 02:10:16,496] multiqc                                            [DEBUG  ]  No samples found: samtools
[2020-02-05 02:10:16,499] multiqc                                            [DEBUG  ]  No samples found: sexdeterrmine
[2020-02-05 02:10:16,502] multiqc                                            [DEBUG  ]  No samples found: bamtools
[2020-02-05 02:10:16,504] multiqc                                            [DEBUG  ]  No samples found: jellyfish
[2020-02-05 02:10:16,508] multiqc                                            [DEBUG  ]  No samples found: vcftools
[2020-02-05 02:10:16,511] multiqc                                            [DEBUG  ]  No samples found: longranger
[2020-02-05 02:10:16,514] multiqc                                            [DEBUG  ]  No samples found: stacks
[2020-02-05 02:10:16,519] multiqc                                            [DEBUG  ]  No samples found: bbmap
[2020-02-05 02:10:16,522] multiqc                                            [DEBUG  ]  No samples found: bismark
[2020-02-05 02:10:16,526] multiqc                                            [DEBUG  ]  No samples found: biscuit
[2020-02-05 02:10:16,528] multiqc                                            [DEBUG  ]  No samples found: hicexplorer
[2020-02-05 02:10:16,531] multiqc                                            [DEBUG  ]  No samples found: hicup
[2020-02-05 02:10:16,534] multiqc                                            [DEBUG  ]  No samples found: hicpro
[2020-02-05 02:10:16,537] multiqc                                            [DEBUG  ]  No samples found: salmon
[2020-02-05 02:10:16,540] multiqc                                            [DEBUG  ]  No samples found: kallisto
[2020-02-05 02:10:16,543] multiqc                                            [DEBUG  ]  No samples found: slamdunk
[2020-02-05 02:10:16,546] multiqc                                            [DEBUG  ]  No samples found: star
[2020-02-05 02:10:16,548] multiqc                                            [DEBUG  ]  No samples found: hisat2
[2020-02-05 02:10:16,551] multiqc                                            [DEBUG  ]  No samples found: tophat
[2020-02-05 02:10:16,554] multiqc                                            [DEBUG  ]  No samples found: bowtie2
[2020-02-05 02:10:16,557] multiqc                                            [DEBUG  ]  No samples found: bowtie1
[2020-02-05 02:10:16,559] multiqc                                            [DEBUG  ]  No samples found: kat
[2020-02-05 02:10:16,562] multiqc                                            [DEBUG  ]  No samples found: leehom
[2020-02-05 02:10:16,564] multiqc                                            [DEBUG  ]  No samples found: adapterRemoval
[2020-02-05 02:10:16,567] multiqc                                            [DEBUG  ]  No samples found: clipandmerge
[2020-02-05 02:10:16,570] multiqc                                            [DEBUG  ]  No samples found: cutadapt
[2020-02-05 02:10:16,573] multiqc                                            [DEBUG  ]  No samples found: flexbar
[2020-02-05 02:10:16,577] multiqc.modules.trimmomatic.trimmomatic            [INFO   ]  Found 3 logs
[2020-02-05 02:10:16,582] multiqc                                            [DEBUG  ]  No samples found: skewer
[2020-02-05 02:10:16,585] multiqc                                            [DEBUG  ]  No samples found: sortmerna
[2020-02-05 02:10:16,587] multiqc                                            [DEBUG  ]  No samples found: biobloomtools
[2020-02-05 02:10:16,590] multiqc                                            [DEBUG  ]  No samples found: fastq_screen
[2020-02-05 02:10:16,593] multiqc                                            [DEBUG  ]  No samples found: afterqc
[2020-02-05 02:10:16,595] multiqc                                            [DEBUG  ]  No samples found: fastp
[2020-02-05 02:10:16,642] multiqc.modules.fastqc.fastqc                      [INFO   ]  Found 3 reports
[2020-02-05 02:10:16,685] multiqc                                            [DEBUG  ]  No samples found: minionqc
[2020-02-05 02:10:16,688] multiqc                                            [DEBUG  ]  No samples found: mosdepth
[2020-02-05 02:10:16,691] multiqc                                            [DEBUG  ]  No samples found: clusterflow
[2020-02-05 02:10:16,694] multiqc                                            [DEBUG  ]  No samples found: bcl2fastq
[2020-02-05 02:10:16,698] multiqc                                            [DEBUG  ]  No samples found: interop
[2020-02-05 02:10:16,700] multiqc                                            [DEBUG  ]  No samples found: flash
[2020-02-05 02:10:16,703] multiqc                                            [DEBUG  ]  No samples found: seqyclean
[2020-02-05 02:10:16,710] multiqc                                            [INFO   ]  Compressing plot data
[2020-02-05 02:10:16,757] multiqc                                            [INFO   ]  Report      : multiqc_report.html
[2020-02-05 02:10:16,757] multiqc                                            [INFO   ]  Data        : multiqc_data
[2020-02-05 02:10:16,757] multiqc                                            [DEBUG  ]  Moving data file from '/tmp/tmpf69b01vr/multiqc_data/multiqc_sources.txt' to '/home/zamanosandreas/itbi_project/reads_trimmomatic/multiqc_data'
[2020-02-05 02:10:16,757] multiqc                                            [DEBUG  ]  Moving data file from '/tmp/tmpf69b01vr/multiqc_data/multiqc_fastqc.txt' to '/home/zamanosandreas/itbi_project/reads_trimmomatic/multiqc_data'
[2020-02-05 02:10:16,757] multiqc                                            [DEBUG  ]  Moving data file from '/tmp/tmpf69b01vr/multiqc_data/multiqc_qualimap_bamqc_genome_results.txt' to '/home/zamanosandreas/itbi_project/reads_trimmomatic/multiqc_data'
[2020-02-05 02:10:16,757] multiqc                                            [DEBUG  ]  Moving data file from '/tmp/tmpf69b01vr/multiqc_data/multiqc_general_stats.txt' to '/home/zamanosandreas/itbi_project/reads_trimmomatic/multiqc_data'
[2020-02-05 02:10:16,757] multiqc                                            [DEBUG  ]  Moving data file from '/tmp/tmpf69b01vr/multiqc_data/multiqc_data.json' to '/home/zamanosandreas/itbi_project/reads_trimmomatic/multiqc_data'
[2020-02-05 02:10:16,757] multiqc                                            [DEBUG  ]  Moving data file from '/tmp/tmpf69b01vr/multiqc_data/multiqc_trimmomatic.txt' to '/home/zamanosandreas/itbi_project/reads_trimmomatic/multiqc_data'
[2020-02-05 02:10:16,854] multiqc                                            [INFO   ]  MultiQC complete
