[2020-02-05 04:05:49,842] multiqc                                            [DEBUG  ]  No MultiQC config found: /home/zamanosandreas/.local/lib/python3.6/site-packages/multiqc_config.yaml
[2020-02-05 04:05:49,842] multiqc                                            [DEBUG  ]  No MultiQC config found: /home/zamanosandreas/.multiqc_config.yaml
[2020-02-05 04:05:49,842] multiqc                                            [DEBUG  ]  No MultiQC config found: multiqc_config.yaml
[2020-02-05 04:05:49,842] multiqc                                            [DEBUG  ]  Command used: /home/zamanosandreas/.local/bin/multiqc /home/zamanosandreas/itbi_project/reads_filter_trimmomatic
[2020-02-05 04:05:50,125] multiqc                                            [DEBUG  ]  Latest MultiQC version is v1.8
[2020-02-05 04:05:50,125] multiqc                                            [INFO   ]  This is MultiQC v1.8
[2020-02-05 04:05:50,125] multiqc                                            [DEBUG  ]  Command     : /home/zamanosandreas/.local/bin/multiqc /home/zamanosandreas/itbi_project/reads_filter_trimmomatic
[2020-02-05 04:05:50,126] multiqc                                            [DEBUG  ]  Working dir : /home/zamanosandreas/itbi_project/reads_filter_trimmomatic
[2020-02-05 04:05:50,126] multiqc                                            [INFO   ]  Template    : default
[2020-02-05 04:05:50,126] multiqc                                            [DEBUG  ]  Running Python 3.6.9 (default, Nov  7 2019, 10:44:02)  [GCC 8.3.0]
[2020-02-05 04:05:50,126] multiqc                                            [INFO   ]  Searching   : /home/zamanosandreas/itbi_project/reads_filter_trimmomatic
[2020-02-05 04:05:50,127] multiqc                                            [DEBUG  ]  Analysing modules: custom_content, conpair, peddy, methylQA, phantompeakqualtools, qualimap, preseq, quast, qorts, rna_seqc, rsem, rseqc, busco, goleft_indexcov, disambiguate, supernova, deeptools, sargasso, verifybamid, mirtrace, happy, homer, macs2, theta2, snpeff, gatk, htseq, bcftools, featureCounts, fgbio, dedup, damageprofiler, biobambam2, mtnucratio, picard, prokka, samblaster, samtools, sexdeterrmine, bamtools, jellyfish, vcftools, longranger, stacks, bbmap, bismark, biscuit, hicexplorer, hicup, hicpro, salmon, kallisto, slamdunk, star, hisat2, tophat, bowtie2, bowtie1, kat, leehom, adapterRemoval, clipandmerge, cutadapt, flexbar, trimmomatic, skewer, sortmerna, biobloomtools, fastq_screen, afterqc, fastp, fastqc, minionqc, mosdepth, clusterflow, bcl2fastq, interop, flash, seqyclean
[2020-02-05 04:05:50,127] multiqc                                            [DEBUG  ]  Using temporary directory for creating report: /tmp/tmp54g0kkqc
[2020-02-05 04:05:50,262] multiqc                                            [DEBUG  ]  Ignoring file as matched an ignore pattern: rep1_filter_trimmomatic_fastqc.html
[2020-02-05 04:05:50,263] multiqc                                            [DEBUG  ]  Ignoring file as matched an ignore pattern: all.fq
[2020-02-05 04:05:50,263] multiqc                                            [DEBUG  ]  Ignoring file as matched an ignore pattern: rep3_filter_trimmomatic_fastqc.html
[2020-02-05 04:05:50,263] multiqc                                            [DEBUG  ]  Ignoring file as matched an ignore pattern: rep3.fq
[2020-02-05 04:05:50,270] multiqc                                            [DEBUG  ]  Ignoring file as matched an ignore pattern: rep2_filter_trimmomatic_fastqc.html
[2020-02-05 04:05:50,271] multiqc                                            [DEBUG  ]  Ignoring file as matched an ignore pattern: rep3_filter_trimmomatic.fastq
[2020-02-05 04:05:50,271] multiqc                                            [DEBUG  ]  Ignoring file as matched an ignore pattern: all_reformat.fq
[2020-02-05 04:05:50,271] multiqc                                            [DEBUG  ]  Ignoring file as matched an ignore pattern: rep2.fq
[2020-02-05 04:05:50,271] multiqc                                            [DEBUG  ]  Ignoring file as matched an ignore pattern: rep2_filter_trimmomatic.fastq
[2020-02-05 04:05:50,306] multiqc                                            [DEBUG  ]  Ignoring file as matched an ignore pattern: rep1_filter_trimmomatic.fastq
[2020-02-05 04:05:50,354] multiqc                                            [DEBUG  ]  File ignored by hicexplorer because it exceeded search pattern filesize limit: dump.flowcell
[2020-02-05 04:05:50,355] multiqc                                            [DEBUG  ]  File ignored by longranger/invocation because it exceeded search pattern filesize limit: dump.flowcell
[2020-02-05 04:05:50,355] multiqc                                            [DEBUG  ]  File ignored by rseqc/bam_stat because it exceeded search pattern filesize limit: dump.flowcell
[2020-02-05 04:05:50,355] multiqc                                            [DEBUG  ]  File ignored by rseqc/junction_annotation because it exceeded search pattern filesize limit: dump.flowcell
[2020-02-05 04:05:50,355] multiqc                                            [DEBUG  ]  File ignored by rseqc/read_distribution because it exceeded search pattern filesize limit: dump.flowcell
[2020-02-05 04:05:50,355] multiqc                                            [DEBUG  ]  File ignored by rseqc/infer_experiment because it exceeded search pattern filesize limit: dump.flowcell
[2020-02-05 04:05:50,355] multiqc                                            [DEBUG  ]  File ignored by snpeff because it exceeded search pattern filesize limit: dump.flowcell
[2020-02-05 04:05:50,355] multiqc                                            [DEBUG  ]  File ignored by stacks/sumstats because it exceeded search pattern filesize limit: dump.flowcell
[2020-02-05 04:05:52,549] multiqc                                            [DEBUG  ]  Ignoring file as matched an ignore pattern: rep1.fq
[2020-02-05 04:05:52,998] multiqc.plots.bargraph                             [DEBUG  ]  Using matplotlib version 3.1.1
[2020-02-05 04:05:53,000] multiqc.plots.linegraph                            [DEBUG  ]  Using matplotlib version 3.1.1
[2020-02-05 04:05:53,002] multiqc                                            [DEBUG  ]  No samples found: custom_content
[2020-02-05 04:05:53,008] multiqc                                            [DEBUG  ]  No samples found: conpair
[2020-02-05 04:05:53,014] multiqc                                            [DEBUG  ]  No samples found: peddy
[2020-02-05 04:05:53,021] multiqc                                            [DEBUG  ]  No samples found: methylQA
[2020-02-05 04:05:53,026] multiqc                                            [DEBUG  ]  No samples found: phantompeakqualtools
[2020-02-05 04:05:53,035] multiqc                                            [DEBUG  ]  No samples found: qualimap
[2020-02-05 04:05:53,041] multiqc                                            [DEBUG  ]  No samples found: preseq
[2020-02-05 04:05:53,047] multiqc                                            [DEBUG  ]  No samples found: quast
[2020-02-05 04:05:53,054] multiqc                                            [DEBUG  ]  No samples found: qorts
[2020-02-05 04:05:53,060] multiqc                                            [DEBUG  ]  No samples found: rna_seqc
[2020-02-05 04:05:53,065] multiqc                                            [DEBUG  ]  No samples found: rsem
[2020-02-05 04:05:53,079] multiqc                                            [DEBUG  ]  No samples found: rseqc
[2020-02-05 04:05:53,084] multiqc                                            [DEBUG  ]  No samples found: busco
[2020-02-05 04:05:53,091] multiqc                                            [DEBUG  ]  No samples found: goleft_indexcov
[2020-02-05 04:05:53,098] multiqc                                            [DEBUG  ]  No samples found: disambiguate
[2020-02-05 04:05:53,105] multiqc                                            [DEBUG  ]  No samples found: supernova
[2020-02-05 04:05:53,118] multiqc                                            [DEBUG  ]  No samples found: deeptools
[2020-02-05 04:05:53,124] multiqc                                            [DEBUG  ]  No samples found: sargasso
[2020-02-05 04:05:53,129] multiqc                                            [DEBUG  ]  No samples found: verifybamid
[2020-02-05 04:05:53,135] multiqc                                            [DEBUG  ]  No samples found: mirtrace
[2020-02-05 04:05:53,140] multiqc                                            [DEBUG  ]  No samples found: happy
[2020-02-05 04:05:53,148] multiqc                                            [DEBUG  ]  No samples found: homer
[2020-02-05 04:05:53,154] multiqc                                            [DEBUG  ]  No samples found: macs2
[2020-02-05 04:05:53,160] multiqc                                            [DEBUG  ]  No samples found: theta2
[2020-02-05 04:05:53,166] multiqc                                            [DEBUG  ]  No samples found: snpeff
[2020-02-05 04:05:53,174] multiqc                                            [DEBUG  ]  No samples found: gatk
[2020-02-05 04:05:53,180] multiqc                                            [DEBUG  ]  No samples found: htseq
[2020-02-05 04:05:53,187] multiqc                                            [DEBUG  ]  No samples found: bcftools
[2020-02-05 04:05:53,193] multiqc                                            [DEBUG  ]  No samples found: featureCounts
[2020-02-05 04:05:53,200] multiqc                                            [DEBUG  ]  No samples found: fgbio
[2020-02-05 04:05:53,205] multiqc                                            [DEBUG  ]  No samples found: dedup
[2020-02-05 04:05:53,211] multiqc                                            [DEBUG  ]  No samples found: damageprofiler
[2020-02-05 04:05:53,231] multiqc                                            [DEBUG  ]  No samples found: biobambam2
[2020-02-05 04:05:53,238] multiqc                                            [DEBUG  ]  No samples found: mtnucratio
[2020-02-05 04:05:53,240] multiqc                                            [DEBUG  ]  No samples found: picard
[2020-02-05 04:05:53,247] multiqc                                            [DEBUG  ]  No samples found: prokka
[2020-02-05 04:05:53,253] multiqc                                            [DEBUG  ]  No samples found: samblaster
[2020-02-05 04:05:53,264] multiqc                                            [DEBUG  ]  No samples found: samtools
[2020-02-05 04:05:53,270] multiqc                                            [DEBUG  ]  No samples found: sexdeterrmine
[2020-02-05 04:05:53,277] multiqc                                            [DEBUG  ]  No samples found: bamtools
[2020-02-05 04:05:53,283] multiqc                                            [DEBUG  ]  No samples found: jellyfish
[2020-02-05 04:05:53,292] multiqc                                            [DEBUG  ]  No samples found: vcftools
[2020-02-05 04:05:53,300] multiqc                                            [DEBUG  ]  No samples found: longranger
[2020-02-05 04:05:53,305] multiqc                                            [DEBUG  ]  No samples found: stacks
[2020-02-05 04:05:53,322] multiqc                                            [DEBUG  ]  No samples found: bbmap
[2020-02-05 04:05:53,328] multiqc                                            [DEBUG  ]  No samples found: bismark
[2020-02-05 04:05:53,335] multiqc                                            [DEBUG  ]  No samples found: biscuit
[2020-02-05 04:05:53,341] multiqc                                            [DEBUG  ]  No samples found: hicexplorer
[2020-02-05 04:05:53,347] multiqc                                            [DEBUG  ]  No samples found: hicup
[2020-02-05 04:05:53,353] multiqc                                            [DEBUG  ]  No samples found: hicpro
[2020-02-05 04:05:53,359] multiqc                                            [DEBUG  ]  No samples found: salmon
[2020-02-05 04:05:53,365] multiqc                                            [DEBUG  ]  No samples found: kallisto
[2020-02-05 04:05:53,371] multiqc                                            [DEBUG  ]  No samples found: slamdunk
[2020-02-05 04:05:53,377] multiqc                                            [DEBUG  ]  No samples found: star
[2020-02-05 04:05:53,383] multiqc                                            [DEBUG  ]  No samples found: hisat2
[2020-02-05 04:05:53,388] multiqc                                            [DEBUG  ]  No samples found: tophat
[2020-02-05 04:05:53,395] multiqc                                            [DEBUG  ]  No samples found: bowtie2
[2020-02-05 04:05:53,401] multiqc                                            [DEBUG  ]  No samples found: bowtie1
[2020-02-05 04:05:53,406] multiqc                                            [DEBUG  ]  No samples found: kat
[2020-02-05 04:05:53,412] multiqc                                            [DEBUG  ]  No samples found: leehom
[2020-02-05 04:05:53,418] multiqc                                            [DEBUG  ]  No samples found: adapterRemoval
[2020-02-05 04:05:53,424] multiqc                                            [DEBUG  ]  No samples found: clipandmerge
[2020-02-05 04:05:53,430] multiqc                                            [DEBUG  ]  No samples found: cutadapt
[2020-02-05 04:05:53,435] multiqc                                            [DEBUG  ]  No samples found: flexbar
[2020-02-05 04:05:53,441] multiqc                                            [DEBUG  ]  No samples found: trimmomatic
[2020-02-05 04:05:53,447] multiqc                                            [DEBUG  ]  No samples found: skewer
[2020-02-05 04:05:53,452] multiqc                                            [DEBUG  ]  No samples found: sortmerna
[2020-02-05 04:05:53,458] multiqc                                            [DEBUG  ]  No samples found: biobloomtools
[2020-02-05 04:05:53,464] multiqc                                            [DEBUG  ]  No samples found: fastq_screen
[2020-02-05 04:05:53,470] multiqc                                            [DEBUG  ]  No samples found: afterqc
[2020-02-05 04:05:53,476] multiqc                                            [DEBUG  ]  No samples found: fastp
[2020-02-05 04:05:53,527] multiqc.modules.fastqc.fastqc                      [INFO   ]  Found 3 reports
[2020-02-05 04:05:53,581] multiqc                                            [DEBUG  ]  No samples found: minionqc
[2020-02-05 04:05:53,588] multiqc                                            [DEBUG  ]  No samples found: mosdepth
[2020-02-05 04:05:53,595] multiqc                                            [DEBUG  ]  No samples found: clusterflow
[2020-02-05 04:05:53,602] multiqc                                            [DEBUG  ]  No samples found: bcl2fastq
[2020-02-05 04:05:53,609] multiqc                                            [DEBUG  ]  No samples found: interop
[2020-02-05 04:05:53,615] multiqc                                            [DEBUG  ]  No samples found: flash
[2020-02-05 04:05:53,622] multiqc                                            [DEBUG  ]  No samples found: seqyclean
[2020-02-05 04:05:53,629] multiqc                                            [INFO   ]  Compressing plot data
[2020-02-05 04:05:53,675] multiqc                                            [INFO   ]  Report      : multiqc_report.html
[2020-02-05 04:05:53,676] multiqc                                            [INFO   ]  Data        : multiqc_data
[2020-02-05 04:05:53,677] multiqc                                            [DEBUG  ]  Moving data file from '/tmp/tmp54g0kkqc/multiqc_data/multiqc_sources.txt' to '/home/zamanosandreas/itbi_project/reads_filter_trimmomatic/multiqc_data'
[2020-02-05 04:05:53,677] multiqc                                            [DEBUG  ]  Moving data file from '/tmp/tmp54g0kkqc/multiqc_data/multiqc_fastqc.txt' to '/home/zamanosandreas/itbi_project/reads_filter_trimmomatic/multiqc_data'
[2020-02-05 04:05:53,677] multiqc                                            [DEBUG  ]  Moving data file from '/tmp/tmp54g0kkqc/multiqc_data/multiqc_qualimap_bamqc_genome_results.txt' to '/home/zamanosandreas/itbi_project/reads_filter_trimmomatic/multiqc_data'
[2020-02-05 04:05:53,677] multiqc                                            [DEBUG  ]  Moving data file from '/tmp/tmp54g0kkqc/multiqc_data/multiqc_general_stats.txt' to '/home/zamanosandreas/itbi_project/reads_filter_trimmomatic/multiqc_data'
[2020-02-05 04:05:53,677] multiqc                                            [DEBUG  ]  Moving data file from '/tmp/tmp54g0kkqc/multiqc_data/multiqc_data.json' to '/home/zamanosandreas/itbi_project/reads_filter_trimmomatic/multiqc_data'
[2020-02-05 04:05:53,808] multiqc                                            [INFO   ]  MultiQC complete
